#
# A fatal error has been detected by the Java Runtime Environment:
#
#  SIGSEGV (0xb) at pc=0x0000000108f111fd, pid=61507, tid=2571
#
# JRE version: Java(TM) SE Runtime Environment (8.0_77-b03) (build 1.8.0_77-b03)
# Java VM: Java HotSpot(TM) 64-Bit Server VM (25.77-b03 mixed mode bsd-amd64 compressed oops)
# Problematic frame:
# V  [libjvm.dylib+0x3111fd]  jni_GetObjectClass+0x65
#
# Failed to write core dump. Core dumps have been disabled. To enable core dumping, try "ulimit -c unlimited" before starting Java again
#
# If you would like to submit a bug report, please visit:
#   http://bugreport.java.com/bugreport/crash.jsp
#

---------------  T H R E A D  ---------------

Current thread (0x00007fdf0a8ec000):  JavaThread "AppKit Thread" daemon [_thread_in_vm, id=2571, stack(0x00007fff572a4000,0x00007fff57aa4000)]

siginfo: si_signo: 11 (SIGSEGV), si_code: 1 (SEGV_MAPERR), si_addr: 0x0000000000000000

Registers:
RAX=0x00000001094d9b84, RBX=0x0000000000000000, RCX=0x0000000109415340, RDX=0x0000000000000000
RSP=0x00007fff57aa0750, RBP=0x00007fff57aa07a0, RSI=0x0000000000000000, RDI=0x00007fdf0a8ec1f8
R8 =0x00007fdf09e00540, R9 =0x00007fdf09e00540, R10=0x00007fdf0bb130e0, R11=0x00007fff7cd478d8
R12=0x0000000000000000, R13=0x00007fff9631f4c0, R14=0x00007fdf0a8ec1f8, R15=0x00007fdf0a8ec000
RIP=0x0000000108f111fd, EFLAGS=0x0000000000010202, ERR=0x0000000000000004
  TRAPNO=0x000000000000000e

Top of Stack: (sp=0x00007fff57aa0750)
0x00007fff57aa0750:   00007fff57aa0798 00007fdf0a8ec000
0x00007fff57aa0760:   0000000000000000 0000000108f2055a
0x00007fff57aa0770:   00007fdf09c0e230 00007fdf0a8ec000
0x00007fff57aa0780:   00007fdf0a8ec000 00007fdf09c0e230
0x00007fff57aa0790:   00007fdf0c4db1c0 00007fdf0a8ec1f8
0x00007fff57aa07a0:   00007fff57aa0800 000000012774f3a7
0x00007fff57aa07b0:   00007fff57aa07e0 00007fff9cf88163
0x00007fff57aa07c0:   0000000000000000 4000cccccccccccd
0x00007fff57aa07d0:   40fdf1fa7e6ddf45 0000000000000015
0x00007fff57aa07e0:   0000000000000000 00007fff9631f4c0
0x00007fff57aa07f0:   00007fdf09c0e230 00007fdf0c4c6b70
0x00007fff57aa0800:   00007fff57aa0840 00007fff9a474b15
0x00007fff57aa0810:   00007fdf09c0e230 00007fdf0c4c6b70
0x00007fff57aa0820:   00000000000000f8 00007fff9631f4c0
0x00007fff57aa0830:   00007fdf09c0e230 0000000000000016
0x00007fff57aa0840:   00007fff57aa0880 00007fff99eb3539
0x00007fff57aa0850:   000000000c4c6b70 00007fff9631f4c0
0x00007fff57aa0860:   00007fdf09c0e230 00007fdf09d32320
0x00007fff57aa0870:   7700d7e49cce13e3 0000000000001000
0x00007fff57aa0880:   00007fff57aa0ad0 00007fff99e33e7b
0x00007fff57aa0890:   000000f800000003 00007fdf0c4c6b70
0x00007fff57aa08a0:   00007fdf09c0e230 0000000000000016
0x00007fff57aa08b0:   4071f00000000000 4072500000000000
0x00007fff57aa08c0:   00006f8dfecc3085 0000056200000100
0x00007fff57aa08d0:   0000000000023b17 0000000000000000
0x00007fff57aa08e0:   0000000400000000 0000000000000000
0x00007fff57aa08f0:   0000000000000001 0000000100000462
0x00007fff57aa0900:   000000000000f043 00023b17001e91e9
0x00007fff57aa0910:   0000000000000000 0000000000000000
0x00007fff57aa0920:   0000000000000000 ffffffff00000000
0x00007fff57aa0930:   0000000000000000 0000000000000002
0x00007fff57aa0940:   0000000000000000 0000000000000006 

Instructions: (pc=0x0000000108f111fd)
0x0000000108f111dd:   74 09 48 8d 7d b8 e8 72 fb 19 00 4c 89 f7 48 89
0x0000000108f111ed:   de 90 0f 1f 40 00 48 8d 05 8a 89 5c 00 80 38 00
0x0000000108f111fd:   48 8b 03 74 15 48 8d 15 27 f7 51 00 8a 4a 08 8b
0x0000000108f1120d:   40 08 48 d3 e0 48 03 02 eb 04 48 8b 40 08 48 8b 

Register to memory mapping:

RAX=0x00000001094d9b84: UseCompressedClassPointers+0 in /nfs/2016/d/dprovorn/jmonkeyplatform.app/Contents/Resources/jmonkeyplatform/jdk/jre/lib/server/libjvm.dylib at 0x0000000108c00000
RBX=0x0000000000000000 is an unknown value
RCX=0x0000000109415340: UseMembar+0 in /nfs/2016/d/dprovorn/jmonkeyplatform.app/Contents/Resources/jmonkeyplatform/jdk/jre/lib/server/libjvm.dylib at 0x0000000108c00000
RDX=0x0000000000000000 is an unknown value
RSP=0x00007fff57aa0750 is pointing into the stack for thread: 0x00007fdf0a8ec000
RBP=0x00007fff57aa07a0 is pointing into the stack for thread: 0x00007fdf0a8ec000
RSI=0x0000000000000000 is an unknown value
RDI=0x00007fdf0a8ec1f8 is an unknown value
R8 =0x00007fdf09e00540 is an unknown value
R9 =0x00007fdf09e00540 is an unknown value
R10=0x00007fdf0bb130e0 is an unknown value
R11=0x00007fff7cd478d8: OBJC_CLASS_$_NSEvent+0 in /System/Library/Frameworks/AppKit.framework/Versions/C/AppKit at 0x00007fff99c5e000
R12=0x0000000000000000 is an unknown value
R13=0x00007fff9631f4c0: objc_msgSend+0 in /usr/lib/libobjc.A.dylib at 0x00007fff9631e000
R14=0x00007fdf0a8ec1f8 is an unknown value
R15=0x00007fdf0a8ec000 is a thread


Stack: [0x00007fff572a4000,0x00007fff57aa4000],  sp=0x00007fff57aa0750,  free space=8177k
Native frames: (J=compiled Java code, j=interpreted, Vv=VM code, C=native code)
V  [libjvm.dylib+0x3111fd]  jni_GetObjectClass+0x65
C  [liblwjgl.dylib+0xb3a7]  -[MacOSXOpenGLView scrollWheel:]+0x77
C  [AppKit+0x816b15]  -[NSWindow _reallySendEvent:isDelayedEvent:]+0x83c
C  [AppKit+0x255539]  -[NSWindow sendEvent:]+0x205
C  [AppKit+0x1d5e7b]  -[NSApplication sendEvent:]+0xe2f
C  [libosxapp.dylib+0x232c]  -[NSApplicationAWT sendEvent:]+0x17a
C  [AppKit+0x3cdf2]  -[NSApplication run]+0x31c
C  [libosxapp.dylib+0x214d]  +[NSApplicationAWT runAWTLoopWithApp:]+0x9c
C  [libawt_lwawt.dylib+0x4455b]  -[AWTStarter starter:]+0x389
C  [Foundation+0x76fde]  __NSThreadPerformPerform+0x117
C  [CoreFoundation+0xaa881]  __CFRUNLOOP_IS_CALLING_OUT_TO_A_SOURCE0_PERFORM_FUNCTION__+0x11
C  [CoreFoundation+0x89fbc]  __CFRunLoopDoSources0+0x22c
C  [CoreFoundation+0x894df]  __CFRunLoopRun+0x39f
C  [CoreFoundation+0x88ed8]  CFRunLoopRunSpecific+0x128
C  [java+0x6463]  CreateExecutionEnvironment+0x367
C  [java+0x21ac]  JLI_Launch+0x7a0
C  [java+0x84c0]  main+0x65
C  [java+0x1a04]  start+0x34
C  0x0000000000000005


---------------  P R O C E S S  ---------------

Java Threads: ( => current thread )
  0x00007fdf0ae84800 JavaThread "jME3 Audio Decoder" daemon [_thread_blocked, id=76299, stack(0x0000700001a6e000,0x0000700001b6e000)]
  0x00007fdf0bb34000 JavaThread "DestroyJavaVM" [_thread_blocked, id=5891, stack(0x000070000011a000,0x000070000021a000)]
  0x00007fdf0b251000 JavaThread "jME3 Main" [_thread_in_native, id=59811, stack(0x00007000018e8000,0x00007000019e8000)]
  0x00007fdf0bb11000 JavaThread "TimerQueue" daemon [_thread_blocked, id=58703, stack(0x00007000017e5000,0x00007000018e5000)]
  0x00007fdf0a007800 JavaThread "Timer-0" daemon [_thread_blocked, id=53507, stack(0x000070000155c000,0x000070000165c000)]
  0x00007fdf0a978000 JavaThread "Java2D Disposer" daemon [_thread_blocked, id=52995, stack(0x0000700001459000,0x0000700001559000)]
  0x00007fdf0b93d000 JavaThread "Java2D Queue Flusher" daemon [_thread_blocked, id=49927, stack(0x0000700001356000,0x0000700001456000)]
  0x00007fdf0b92d000 JavaThread "AWT-EventQueue-0" [_thread_blocked, id=42811, stack(0x0000700001253000,0x0000700001353000)]
  0x00007fdf0b8ff800 JavaThread "AWT-Shutdown" [_thread_blocked, id=29203, stack(0x00007000010cd000,0x00007000011cd000)]
=>0x00007fdf0a8ec000 JavaThread "AppKit Thread" daemon [_thread_in_vm, id=2571, stack(0x00007fff572a4000,0x00007fff57aa4000)]
  0x00007fdf0b066000 JavaThread "Service Thread" daemon [_thread_blocked, id=18435, stack(0x0000700000dc1000,0x0000700000ec1000)]
  0x00007fdf0b814000 JavaThread "C1 CompilerThread2" daemon [_thread_blocked, id=17923, stack(0x0000700000cbe000,0x0000700000dbe000)]
  0x00007fdf0b03a000 JavaThread "C2 CompilerThread1" daemon [_thread_blocked, id=17411, stack(0x0000700000bbb000,0x0000700000cbb000)]
  0x00007fdf0b064800 JavaThread "C2 CompilerThread0" daemon [_thread_blocked, id=16899, stack(0x0000700000ab8000,0x0000700000bb8000)]
  0x00007fdf0b07a800 JavaThread "Signal Dispatcher" daemon [_thread_blocked, id=12815, stack(0x00007000009b5000,0x0000700000ab5000)]
  0x00007fdf0a802800 JavaThread "Finalizer" daemon [_thread_blocked, id=12291, stack(0x000070000082f000,0x000070000092f000)]
  0x00007fdf0a00f000 JavaThread "Reference Handler" daemon [_thread_blocked, id=11779, stack(0x000070000072c000,0x000070000082c000)]

Other Threads:
  0x00007fdf0b05c800 VMThread [stack: 0x0000700000629000,0x0000700000729000] [id=11267]
  0x00007fdf0a80d800 WatcherThread [stack: 0x0000700000ec4000,0x0000700000fc4000] [id=18947]

VM state:synchronizing (normal execution)

VM Mutex/Monitor currently owned by a thread:  ([mutex/lock_event])
[0x00007fdf09e039d0] Threads_lock - owner thread: 0x00007fdf0b05c800

Heap:
 PSYoungGen      total 71680K, used 42834K [0x0000000795580000, 0x000000079a080000, 0x00000007c0000000)
  eden space 66560K, 60% used [0x0000000795580000,0x0000000797ce5db8,0x0000000799680000)
  from space 5120K, 48% used [0x0000000799b80000,0x0000000799deed98,0x000000079a080000)
  to   space 5120K, 0% used [0x0000000799680000,0x0000000799680000,0x0000000799b80000)
 ParOldGen       total 87552K, used 24539K [0x0000000740000000, 0x0000000745580000, 0x0000000795580000)
  object space 87552K, 28% used [0x0000000740000000,0x00000007417f6cb8,0x0000000745580000)
 Metaspace       used 18435K, capacity 18643K, committed 18944K, reserved 1067008K
  class space    used 2107K, capacity 2191K, committed 2304K, reserved 1048576K

Card table byte_map: [0x0000000118f84000,0x0000000119385000] byte_map_base: 0x0000000115584000

Marking Bits: (ParMarkBitMap*) 0x00000001094e3ea0
 Begin Bits: [0x0000000119630000, 0x000000011b630000)
 End Bits:   [0x000000011b630000, 0x000000011d630000)

Polling page: 0x00000001083ea000

CodeCache: size=245760Kb used=7598Kb max_used=7610Kb free=238161Kb
 bounds [0x0000000109bc4000, 0x000000010a344000, 0x0000000118bc4000]
 total_blobs=2988 nmethods=2321 adapters=580
 compilation: enabled

Compilation events (10 events):
Event: 17.023 Thread 0x00007fdf0b814000 2323       3       java.util.HashMap::removeNode (291 bytes)
Event: 17.023 Thread 0x00007fdf0b814000 nmethod 2323 0x000000010a328e50 code [0x000000010a3290a0, 0x000000010a32a2f8]
Event: 17.023 Thread 0x00007fdf0b814000 2320       1       com.jme3.util.NativeObjectManager$NativeObjectRef::access$100 (5 bytes)
Event: 17.024 Thread 0x00007fdf0b814000 nmethod 2320 0x000000010a335c90 code [0x000000010a335de0, 0x000000010a335ed0]
Event: 17.024 Thread 0x00007fdf0b814000 2321       1       com.jme3.util.NativeObjectManager$NativeObjectRef::access$000 (5 bytes)
Event: 17.024 Thread 0x00007fdf0b814000 nmethod 2321 0x000000010a3359d0 code [0x000000010a335b20, 0x000000010a335c10]
Event: 17.026 Thread 0x00007fdf0b814000 2324       3       java.util.HashMap::remove (26 bytes)
Event: 17.027 Thread 0x00007fdf0b814000 nmethod 2324 0x000000010a3352d0 code [0x000000010a335460, 0x000000010a335878]
Event: 17.032 Thread 0x00007fdf0b064800 2325       4       java.nio.DirectByteBuffer::put (18 bytes)
Event: 17.033 Thread 0x00007fdf0b064800 nmethod 2325 0x000000010a338e10 code [0x000000010a338f60, 0x000000010a339018]

GC Heap History (8 events):
Event: 4.389 GC heap before
{Heap before GC invocations=1 (full 0):
 PSYoungGen      total 38400K, used 33280K [0x0000000795580000, 0x0000000798000000, 0x00000007c0000000)
  eden space 33280K, 100% used [0x0000000795580000,0x0000000797600000,0x0000000797600000)
  from space 5120K, 0% used [0x0000000797b00000,0x0000000797b00000,0x0000000798000000)
  to   space 5120K, 0% used [0x0000000797600000,0x0000000797600000,0x0000000797b00000)
 ParOldGen       total 87552K, used 0K [0x0000000740000000, 0x0000000745580000, 0x0000000795580000)
  object space 87552K, 0% used [0x0000000740000000,0x0000000740000000,0x0000000745580000)
 Metaspace       used 17443K, capacity 17645K, committed 17792K, reserved 1064960K
  class space    used 2071K, capacity 2158K, committed 2176K, reserved 1048576K
Event: 4.396 GC heap after
Heap after GC invocations=1 (full 0):
 PSYoungGen      total 38400K, used 5116K [0x0000000795580000, 0x0000000798000000, 0x00000007c0000000)
  eden space 33280K, 0% used [0x0000000795580000,0x0000000795580000,0x0000000797600000)
  from space 5120K, 99% used [0x0000000797600000,0x0000000797aff0f0,0x0000000797b00000)
  to   space 5120K, 0% used [0x0000000797b00000,0x0000000797b00000,0x0000000798000000)
 ParOldGen       total 87552K, used 6791K [0x0000000740000000, 0x0000000745580000, 0x0000000795580000)
  object space 87552K, 7% used [0x0000000740000000,0x00000007406a1d08,0x0000000745580000)
 Metaspace       used 17443K, capacity 17645K, committed 17792K, reserved 1064960K
  class space    used 2071K, capacity 2158K, committed 2176K, reserved 1048576K
}
Event: 4.628 GC heap before
{Heap before GC invocations=2 (full 0):
 PSYoungGen      total 38400K, used 38396K [0x0000000795580000, 0x0000000798000000, 0x00000007c0000000)
  eden space 33280K, 100% used [0x0000000795580000,0x0000000797600000,0x0000000797600000)
  from space 5120K, 99% used [0x0000000797600000,0x0000000797aff0f0,0x0000000797b00000)
  to   space 5120K, 0% used [0x0000000797b00000,0x0000000797b00000,0x0000000798000000)
 ParOldGen       total 87552K, used 6791K [0x0000000740000000, 0x0000000745580000, 0x0000000795580000)
  object space 87552K, 7% used [0x0000000740000000,0x00000007406a1d08,0x0000000745580000)
 Metaspace       used 17476K, capacity 17709K, committed 18048K, reserved 1064960K
  class space    used 2072K, capacity 2158K, committed 2176K, reserved 1048576K
Event: 4.633 GC heap after
Heap after GC invocations=2 (full 0):
 PSYoungGen      total 38400K, used 5116K [0x0000000795580000, 0x0000000798000000, 0x00000007c0000000)
  eden space 33280K, 0% used [0x0000000795580000,0x0000000795580000,0x0000000797600000)
  from space 5120K, 99% used [0x0000000797b00000,0x0000000797fff0f0,0x0000000798000000)
  to   space 5120K, 0% used [0x0000000797600000,0x0000000797600000,0x0000000797b00000)
 ParOldGen       total 87552K, used 13295K [0x0000000740000000, 0x0000000745580000, 0x0000000795580000)
  object space 87552K, 15% used [0x0000000740000000,0x0000000740cfbd28,0x0000000745580000)
 Metaspace       used 17476K, capacity 17709K, committed 18048K, reserved 1064960K
  class space    used 2072K, capacity 2158K, committed 2176K, reserved 1048576K
}
Event: 4.896 GC heap before
{Heap before GC invocations=3 (full 0):
 PSYoungGen      total 38400K, used 38396K [0x0000000795580000, 0x0000000798000000, 0x00000007c0000000)
  eden space 33280K, 100% used [0x0000000795580000,0x0000000797600000,0x0000000797600000)
  from space 5120K, 99% used [0x0000000797b00000,0x0000000797fff0f0,0x0000000798000000)
  to   space 5120K, 0% used [0x0000000797600000,0x0000000797600000,0x0000000797b00000)
 ParOldGen       total 87552K, used 13295K [0x0000000740000000, 0x0000000745580000, 0x0000000795580000)
  object space 87552K, 15% used [0x0000000740000000,0x0000000740cfbd28,0x0000000745580000)
 Metaspace       used 17637K, capacity 17843K, committed 18048K, reserved 1064960K
  class space    used 2079K, capacity 2159K, committed 2176K, reserved 1048576K
Event: 4.899 GC heap after
Heap after GC invocations=3 (full 0):
 PSYoungGen      total 38400K, used 5104K [0x0000000795580000, 0x000000079a080000, 0x00000007c0000000)
  eden space 33280K, 0% used [0x0000000795580000,0x0000000795580000,0x0000000797600000)
  from space 5120K, 99% used [0x0000000797600000,0x0000000797afc350,0x0000000797b00000)
  to   space 5120K, 0% used [0x0000000799b80000,0x0000000799b80000,0x000000079a080000)
 ParOldGen       total 87552K, used 15315K [0x0000000740000000, 0x0000000745580000, 0x0000000795580000)
  object space 87552K, 17% used [0x0000000740000000,0x0000000740ef4c88,0x0000000745580000)
 Metaspace       used 17637K, capacity 17843K, committed 18048K, reserved 1064960K
  class space    used 2079K, capacity 2159K, committed 2176K, reserved 1048576K
}
Event: 5.007 GC heap before
{Heap before GC invocations=4 (full 0):
 PSYoungGen      total 38400K, used 38384K [0x0000000795580000, 0x000000079a080000, 0x00000007c0000000)
  eden space 33280K, 100% used [0x0000000795580000,0x0000000797600000,0x0000000797600000)
  from space 5120K, 99% used [0x0000000797600000,0x0000000797afc350,0x0000000797b00000)
  to   space 5120K, 0% used [0x0000000799b80000,0x0000000799b80000,0x000000079a080000)
 ParOldGen       total 87552K, used 15315K [0x0000000740000000, 0x0000000745580000, 0x0000000795580000)
  object space 87552K, 17% used [0x0000000740000000,0x0000000740ef4c88,0x0000000745580000)
 Metaspace       used 17715K, capacity 17907K, committed 18048K, reserved 1064960K
  class space    used 2085K, capacity 2159K, committed 2176K, reserved 1048576K
Event: 5.014 GC heap after
Heap after GC invocations=4 (full 0):
 PSYoungGen      total 71680K, used 2491K [0x0000000795580000, 0x000000079a080000, 0x00000007c0000000)
  eden space 66560K, 0% used [0x0000000795580000,0x0000000795580000,0x0000000799680000)
  from space 5120K, 48% used [0x0000000799b80000,0x0000000799deed98,0x000000079a080000)
  to   space 5120K, 0% used [0x0000000799680000,0x0000000799680000,0x0000000799b80000)
 ParOldGen       total 87552K, used 24539K [0x0000000740000000, 0x0000000745580000, 0x0000000795580000)
  object space 87552K, 28% used [0x0000000740000000,0x00000007417f6cb8,0x0000000745580000)
 Metaspace       used 17715K, capacity 17907K, committed 18048K, reserved 1064960K
  class space    used 2085K, capacity 2159K, committed 2176K, reserved 1048576K
}

Deoptimization events (10 events):
Event: 7.065 Thread 0x00007fdf0b251000 Uncommon trap: reason=array_check action=maybe_recompile pc=0x000000010a24610c method=com.jme3.util.ListSort.binaryInsertionSort([Ljava/lang/Object;IIILjava/util/Comparator;)V @ 155
Event: 7.065 Thread 0x00007fdf0b251000 Uncommon trap: reason=array_check action=maybe_recompile pc=0x000000010a265a70 method=com.jme3.util.ListSort.binaryInsertionSort([Ljava/lang/Object;IIILjava/util/Comparator;)V @ 123
Event: 13.701 Thread 0x00007fdf0b251000 Uncommon trap: reason=predicate action=maybe_recompile pc=0x000000010a310f88 method=com.jme3.util.ListSort.reverseArray([Ljava/lang/Object;II)V @ 8
Event: 13.774 Thread 0x00007fdf0b251000 Uncommon trap: reason=array_check action=maybe_recompile pc=0x000000010a31c9e4 method=com.jme3.util.ListSort.reverseArray([Ljava/lang/Object;II)V @ 17
Event: 13.776 Thread 0x00007fdf0b251000 Uncommon trap: reason=array_check action=maybe_recompile pc=0x000000010a31c9e4 method=com.jme3.util.ListSort.reverseArray([Ljava/lang/Object;II)V @ 17
Event: 13.778 Thread 0x00007fdf0b251000 Uncommon trap: reason=array_check action=maybe_recompile pc=0x000000010a31c9e4 method=com.jme3.util.ListSort.reverseArray([Ljava/lang/Object;II)V @ 17
Event: 13.780 Thread 0x00007fdf0b251000 Uncommon trap: reason=array_check action=maybe_recompile pc=0x000000010a31c9e4 method=com.jme3.util.ListSort.reverseArray([Ljava/lang/Object;II)V @ 17
Event: 13.902 Thread 0x00007fdf0b251000 Uncommon trap: reason=array_check action=maybe_recompile pc=0x000000010a31f0ec method=com.jme3.util.ListSort.reverseArray([Ljava/lang/Object;II)V @ 21
Event: 13.904 Thread 0x00007fdf0b251000 Uncommon trap: reason=array_check action=maybe_recompile pc=0x000000010a31f0ec method=com.jme3.util.ListSort.reverseArray([Ljava/lang/Object;II)V @ 21
Event: 17.020 Thread 0x00007fdf0b251000 Uncommon trap: reason=unstable_if action=reinterpret pc=0x000000010a2f23ec method=java.util.HashMap$HashIterator.<init>(Ljava/util/HashMap;)V @ 38

Internal exceptions (10 events):
Event: 3.795 Thread 0x00007fdf0b251000 Exception <a 'org/lwjgl/LWJGLException': Could not load OpenAL library> (0x0000000796d0dd88) thrown at [/Users/java_re/workspace/8-2-build-macosx-x86_64/jdk8u77/6540/hotspot/src/share/vm/prims/jni.cpp, line 735]
Event: 3.795 Thread 0x00007fdf0b251000 Exception <a 'org/lwjgl/LWJGLException': Could not load OpenAL library> (0x0000000796d0e218) thrown at [/Users/java_re/workspace/8-2-build-macosx-x86_64/jdk8u77/6540/hotspot/src/share/vm/prims/jni.cpp, line 735]
Event: 3.795 Thread 0x00007fdf0b251000 Exception <a 'org/lwjgl/LWJGLException': Could not load OpenAL library> (0x0000000796d0e668) thrown at [/Users/java_re/workspace/8-2-build-macosx-x86_64/jdk8u77/6540/hotspot/src/share/vm/prims/jni.cpp, line 735]
Event: 3.795 Thread 0x00007fdf0b251000 Exception <a 'org/lwjgl/LWJGLException': Could not load OpenAL library> (0x0000000796d0eb70) thrown at [/Users/java_re/workspace/8-2-build-macosx-x86_64/jdk8u77/6540/hotspot/src/share/vm/prims/jni.cpp, line 735]
Event: 4.679 Thread 0x00007fdf0b251000 Implicit null exception at 0x000000010a00add9 to 0x000000010a00ba6c
Event: 4.679 Thread 0x00007fdf0b251000 Implicit null exception at 0x000000010a004974 to 0x000000010a004d81
Event: 4.679 Thread 0x00007fdf0b251000 Implicit null exception at 0x0000000109ff386a to 0x0000000109ff3ac9
Event: 4.683 Thread 0x00007fdf0b251000 Implicit null exception at 0x000000010a013538 to 0x000000010a013789
Event: 4.998 Thread 0x00007fdf0b251000 Implicit null exception at 0x000000010a0e48a1 to 0x000000010a0e5365
Event: 5.096 Thread 0x00007fdf0b251000 Implicit null exception at 0x000000010a003d4c to 0x000000010a003da1

Events (10 events):
Event: 13.904 Thread 0x00007fdf0b251000 DEOPT UNPACKING pc=0x0000000109bc9229 sp=0x00007000019e7200 mode 2
Event: 15.202 Thread 0x00007fdf0b03a000 flushing nmethod 0x0000000109cc3090
Event: 15.202 Thread 0x00007fdf0b03a000 flushing nmethod 0x0000000109cc5290
Event: 15.202 Thread 0x00007fdf0b03a000 flushing nmethod 0x0000000109cd0550
Event: 15.202 Thread 0x00007fdf0b03a000 flushing nmethod 0x0000000109cd0f10
Event: 17.020 Thread 0x00007fdf0b251000 Uncommon trap: trap_request=0xffffff65 fr.pc=0x000000010a2f23ec
Event: 17.020 Thread 0x00007fdf0b251000 DEOPT PACKING pc=0x000000010a2f23ec sp=0x00007000019e7510
Event: 17.020 Thread 0x00007fdf0b251000 DEOPT UNPACKING pc=0x0000000109bc9229 sp=0x00007000019e74d0 mode 2
Event: 17.026 loading class org/lwjgl/opengl/CallbackUtil
Event: 17.026 loading class org/lwjgl/opengl/CallbackUtil done


Dynamic libraries:
0x000000000936d000 	/System/Library/Frameworks/Cocoa.framework/Versions/A/Cocoa
0x000000000936d000 	/System/Library/Frameworks/Security.framework/Versions/A/Security
0x000000000936d000 	/System/Library/Frameworks/ApplicationServices.framework/Versions/A/ApplicationServices
0x000000000936d000 	/usr/lib/libz.1.dylib
0x000000000936d000 	/usr/lib/libSystem.B.dylib
0x000000000936d000 	/usr/lib/libobjc.A.dylib
0x000000000936d000 	/System/Library/Frameworks/CoreFoundation.framework/Versions/A/CoreFoundation
0x000000000936d000 	/System/Library/Frameworks/Foundation.framework/Versions/C/Foundation
0x000000000936d000 	/System/Library/Frameworks/AppKit.framework/Versions/C/AppKit
0x000000000936d000 	/System/Library/Frameworks/CoreData.framework/Versions/A/CoreData
0x000000000936d000 	/System/Library/PrivateFrameworks/RemoteViewServices.framework/Versions/A/RemoteViewServices
0x000000000936d000 	/System/Library/PrivateFrameworks/UIFoundation.framework/Versions/A/UIFoundation
0x000000000936d000 	/usr/lib/libScreenReader.dylib
0x000000000936d000 	/System/Library/Frameworks/Accelerate.framework/Versions/A/Accelerate
0x000000000936d000 	/System/Library/Frameworks/IOSurface.framework/Versions/A/IOSurface
0x000000000936d000 	/System/Library/Frameworks/AudioToolbox.framework/Versions/A/AudioToolbox
0x000000000936d000 	/System/Library/Frameworks/AudioUnit.framework/Versions/A/AudioUnit
0x000000000936d000 	/System/Library/PrivateFrameworks/DataDetectorsCore.framework/Versions/A/DataDetectorsCore
0x000000000936d000 	/System/Library/PrivateFrameworks/DesktopServicesPriv.framework/Versions/A/DesktopServicesPriv
0x000000000936d000 	/System/Library/Frameworks/Carbon.framework/Versions/A/Frameworks/HIToolbox.framework/Versions/A/HIToolbox
0x000000000936d000 	/System/Library/Frameworks/QuartzCore.framework/Versions/A/QuartzCore
0x000000000936d000 	/System/Library/Frameworks/Carbon.framework/Versions/A/Frameworks/SpeechRecognition.framework/Versions/A/SpeechRecognition
0x000000000936d000 	/usr/lib/libauto.dylib
0x000000000936d000 	/usr/lib/libicucore.A.dylib
0x000000000936d000 	/usr/lib/libxml2.2.dylib
0x000000000936d000 	/System/Library/PrivateFrameworks/CoreUI.framework/Versions/A/CoreUI
0x000000000936d000 	/System/Library/Frameworks/CoreAudio.framework/Versions/A/CoreAudio
0x000000000936d000 	/System/Library/Frameworks/DiskArbitration.framework/Versions/A/DiskArbitration
0x000000000936d000 	/usr/lib/liblangid.dylib
0x000000000936d000 	/System/Library/PrivateFrameworks/MultitouchSupport.framework/Versions/A/MultitouchSupport
0x000000000936d000 	/System/Library/Frameworks/IOKit.framework/Versions/A/IOKit
0x000000000936d000 	/usr/lib/libDiagnosticMessagesClient.dylib
0x000000000936d000 	/System/Library/Frameworks/CoreServices.framework/Versions/A/CoreServices
0x000000000936d000 	/System/Library/PrivateFrameworks/PerformanceAnalysis.framework/Versions/A/PerformanceAnalysis
0x000000000936d000 	/System/Library/PrivateFrameworks/GenerationalStorage.framework/Versions/A/GenerationalStorage
0x000000000936d000 	/System/Library/Frameworks/OpenGL.framework/Versions/A/OpenGL
0x000000000936d000 	/System/Library/PrivateFrameworks/Sharing.framework/Versions/A/Sharing
0x000000000936d000 	/System/Library/Frameworks/CoreGraphics.framework/Versions/A/CoreGraphics
0x000000000936d000 	/System/Library/Frameworks/CoreImage.framework/Versions/A/CoreImage
0x000000000936d000 	/System/Library/Frameworks/CoreText.framework/Versions/A/CoreText
0x000000000936d000 	/System/Library/Frameworks/ImageIO.framework/Versions/A/ImageIO
0x000000000936d000 	/System/Library/PrivateFrameworks/Backup.framework/Versions/A/Backup
0x000000000936d000 	/usr/lib/libextension.dylib
0x000000000936d000 	/usr/lib/libarchive.2.dylib
0x000000000936d000 	/System/Library/Frameworks/CFNetwork.framework/Versions/A/CFNetwork
0x000000000936d000 	/System/Library/Frameworks/SystemConfiguration.framework/Versions/A/SystemConfiguration
0x000000000936d000 	/usr/lib/libCRFSuite.dylib
0x000000000936d000 	/usr/lib/libc++.1.dylib
0x000000000936d000 	/usr/lib/libc++abi.dylib
0x000000000936d000 	/usr/lib/system/libcache.dylib
0x000000000936d000 	/usr/lib/system/libcommonCrypto.dylib
0x000000000936d000 	/usr/lib/system/libcompiler_rt.dylib
0x000000000936d000 	/usr/lib/system/libcopyfile.dylib
0x000000000936d000 	/usr/lib/system/libcorecrypto.dylib
0x000000000936d000 	/usr/lib/system/libdispatch.dylib
0x000000000936d000 	/usr/lib/system/libdyld.dylib
0x000000000936d000 	/usr/lib/system/libkeymgr.dylib
0x000000000936d000 	/usr/lib/system/liblaunch.dylib
0x000000000936d000 	/usr/lib/system/libmacho.dylib
0x000000000936d000 	/usr/lib/system/libquarantine.dylib
0x000000000936d000 	/usr/lib/system/libremovefile.dylib
0x000000000936d000 	/usr/lib/system/libsystem_asl.dylib
0x000000000936d000 	/usr/lib/system/libsystem_blocks.dylib
0x000000000936d000 	/usr/lib/system/libsystem_c.dylib
0x000000000936d000 	/usr/lib/system/libsystem_configuration.dylib
0x000000000936d000 	/usr/lib/system/libsystem_coreservices.dylib
0x000000000936d000 	/usr/lib/system/libsystem_coretls.dylib
0x000000000936d000 	/usr/lib/system/libsystem_dnssd.dylib
0x000000000936d000 	/usr/lib/system/libsystem_info.dylib
0x000000000936d000 	/usr/lib/system/libsystem_kernel.dylib
0x000000000936d000 	/usr/lib/system/libsystem_m.dylib
0x000000000936d000 	/usr/lib/system/libsystem_malloc.dylib
0x000000000936d000 	/usr/lib/system/libsystem_network.dylib
0x000000000936d000 	/usr/lib/system/libsystem_networkextension.dylib
0x000000000936d000 	/usr/lib/system/libsystem_notify.dylib
0x000000000936d000 	/usr/lib/system/libsystem_platform.dylib
0x000000000936d000 	/usr/lib/system/libsystem_pthread.dylib
0x000000000936d000 	/usr/lib/system/libsystem_sandbox.dylib
0x000000000936d000 	/usr/lib/system/libsystem_secinit.dylib
0x000000000936d000 	/usr/lib/system/libsystem_trace.dylib
0x000000000936d000 	/usr/lib/system/libunc.dylib
0x000000000936d000 	/usr/lib/system/libunwind.dylib
0x000000000936d000 	/usr/lib/system/libxpc.dylib
0x000000000936d000 	/usr/lib/libenergytrace.dylib
0x000000000936d000 	/usr/lib/libbsm.0.dylib
0x000000000936d000 	/usr/lib/system/libkxld.dylib
0x000000000936d000 	/usr/lib/libxar.1.dylib
0x000000000936d000 	/usr/lib/libsqlite3.dylib
0x000000000936d000 	/usr/lib/libpam.2.dylib
0x000000000936d000 	/usr/lib/libOpenScriptingUtil.dylib
0x000000000936d000 	/usr/lib/libbz2.1.0.dylib
0x000000000936d000 	/usr/lib/liblzma.5.dylib
0x000000000936d000 	/System/Library/Frameworks/CoreServices.framework/Versions/A/Frameworks/FSEvents.framework/Versions/A/FSEvents
0x000000000936d000 	/System/Library/Frameworks/CoreServices.framework/Versions/A/Frameworks/CarbonCore.framework/Versions/A/CarbonCore
0x000000000936d000 	/System/Library/Frameworks/CoreServices.framework/Versions/A/Frameworks/Metadata.framework/Versions/A/Metadata
0x000000000936d000 	/System/Library/Frameworks/CoreServices.framework/Versions/A/Frameworks/OSServices.framework/Versions/A/OSServices
0x000000000936d000 	/System/Library/Frameworks/CoreServices.framework/Versions/A/Frameworks/SearchKit.framework/Versions/A/SearchKit
0x000000000936d000 	/System/Library/Frameworks/CoreServices.framework/Versions/A/Frameworks/AE.framework/Versions/A/AE
0x000000000936d000 	/System/Library/Frameworks/CoreServices.framework/Versions/A/Frameworks/LaunchServices.framework/Versions/A/LaunchServices
0x000000000936d000 	/System/Library/Frameworks/CoreServices.framework/Versions/A/Frameworks/DictionaryServices.framework/Versions/A/DictionaryServices
0x000000000936d000 	/System/Library/Frameworks/CoreServices.framework/Versions/A/Frameworks/SharedFileList.framework/Versions/A/SharedFileList
0x000000000936d000 	/System/Library/Frameworks/NetFS.framework/Versions/A/NetFS
0x000000000936d000 	/System/Library/PrivateFrameworks/NetAuth.framework/Versions/A/NetAuth
0x000000000936d000 	/System/Library/PrivateFrameworks/login.framework/Versions/A/Frameworks/loginsupport.framework/Versions/A/loginsupport
0x000000000936d000 	/System/Library/PrivateFrameworks/TCC.framework/Versions/A/TCC
0x000000000936d000 	/usr/lib/libmecabra.dylib
0x000000000936d000 	/System/Library/Frameworks/ApplicationServices.framework/Versions/A/Frameworks/ATS.framework/Versions/A/ATS
0x000000000936d000 	/System/Library/Frameworks/ApplicationServices.framework/Versions/A/Frameworks/ColorSync.framework/Versions/A/ColorSync
0x000000000936d000 	/System/Library/Frameworks/ApplicationServices.framework/Versions/A/Frameworks/HIServices.framework/Versions/A/HIServices
0x000000000936d000 	/System/Library/Frameworks/ApplicationServices.framework/Versions/A/Frameworks/LangAnalysis.framework/Versions/A/LangAnalysis
0x000000000936d000 	/System/Library/Frameworks/ApplicationServices.framework/Versions/A/Frameworks/PrintCore.framework/Versions/A/PrintCore
0x000000000936d000 	/System/Library/Frameworks/ApplicationServices.framework/Versions/A/Frameworks/QD.framework/Versions/A/QD
0x000000000936d000 	/System/Library/Frameworks/ApplicationServices.framework/Versions/A/Frameworks/SpeechSynthesis.framework/Versions/A/SpeechSynthesis
0x000000000936d000 	/System/Library/Frameworks/Metal.framework/Versions/A/Metal
0x000000000936d000 	/System/Library/Frameworks/Accelerate.framework/Versions/A/Frameworks/vImage.framework/Versions/A/vImage
0x000000000936d000 	/System/Library/Frameworks/Accelerate.framework/Versions/A/Frameworks/vecLib.framework/Versions/A/vecLib
0x000000000936d000 	/System/Library/Frameworks/Accelerate.framework/Versions/A/Frameworks/vecLib.framework/Versions/A/libvDSP.dylib
0x000000000936d000 	/System/Library/Frameworks/Accelerate.framework/Versions/A/Frameworks/vecLib.framework/Versions/A/libvMisc.dylib
0x000000000936d000 	/System/Library/Frameworks/Accelerate.framework/Versions/A/Frameworks/vecLib.framework/Versions/A/libLAPACK.dylib
0x000000000936d000 	/System/Library/Frameworks/Accelerate.framework/Versions/A/Frameworks/vecLib.framework/Versions/A/libBLAS.dylib
0x000000000936d000 	/System/Library/Frameworks/Accelerate.framework/Versions/A/Frameworks/vecLib.framework/Versions/A/libLinearAlgebra.dylib
0x000000000936d000 	/System/Library/Frameworks/Accelerate.framework/Versions/A/Frameworks/vecLib.framework/Versions/A/libSparseBLAS.dylib
0x000000000936d000 	/System/Library/PrivateFrameworks/GPUCompiler.framework/libmetal_timestamp.dylib
0x000000000936d000 	/System/Library/Frameworks/OpenGL.framework/Versions/A/Libraries/libCoreFSCache.dylib
0x000000000936d000 	/System/Library/PrivateFrameworks/IOAccelerator.framework/Versions/A/IOAccelerator
0x000000000936d000 	/System/Library/Frameworks/ApplicationServices.framework/Versions/A/Frameworks/ATS.framework/Versions/A/Resources/libFontParser.dylib
0x000000000936d000 	/System/Library/Frameworks/ApplicationServices.framework/Versions/A/Frameworks/ATS.framework/Versions/A/Resources/libFontRegistry.dylib
0x000000000936d000 	/System/Library/PrivateFrameworks/AppleVPA.framework/Versions/A/AppleVPA
0x000000000936d000 	/System/Library/PrivateFrameworks/AppleJPEG.framework/Versions/A/AppleJPEG
0x000000000936d000 	/System/Library/Frameworks/ImageIO.framework/Versions/A/Resources/libJPEG.dylib
0x000000000936d000 	/System/Library/Frameworks/ImageIO.framework/Versions/A/Resources/libTIFF.dylib
0x000000000936d000 	/System/Library/Frameworks/ImageIO.framework/Versions/A/Resources/libPng.dylib
0x000000000936d000 	/System/Library/Frameworks/ImageIO.framework/Versions/A/Resources/libGIF.dylib
0x000000000936d000 	/System/Library/Frameworks/ImageIO.framework/Versions/A/Resources/libJP2.dylib
0x000000000936d000 	/System/Library/Frameworks/ImageIO.framework/Versions/A/Resources/libRadiance.dylib
0x000000000936d000 	/System/Library/Frameworks/CoreVideo.framework/Versions/A/CoreVideo
0x000000000936d000 	/System/Library/Frameworks/OpenGL.framework/Versions/A/Libraries/libGLU.dylib
0x000000000936d000 	/System/Library/Frameworks/OpenGL.framework/Versions/A/Libraries/libGFXShared.dylib
0x000000000936d000 	/System/Library/Frameworks/OpenGL.framework/Versions/A/Libraries/libGL.dylib
0x000000000936d000 	/System/Library/Frameworks/OpenGL.framework/Versions/A/Libraries/libGLImage.dylib
0x000000000936d000 	/System/Library/Frameworks/OpenGL.framework/Versions/A/Libraries/libCVMSPluginSupport.dylib
0x000000000936d000 	/System/Library/Frameworks/OpenGL.framework/Versions/A/Libraries/libCoreVMClient.dylib
0x000000000936d000 	/usr/lib/libcompression.dylib
0x000000000936d000 	/usr/lib/libcups.2.dylib
0x000000000936d000 	/System/Library/Frameworks/Kerberos.framework/Versions/A/Kerberos
0x000000000936d000 	/System/Library/Frameworks/GSS.framework/Versions/A/GSS
0x000000000936d000 	/usr/lib/libresolv.9.dylib
0x000000000936d000 	/usr/lib/libiconv.2.dylib
0x000000000936d000 	/System/Library/PrivateFrameworks/Heimdal.framework/Versions/A/Heimdal
0x000000000936d000 	/usr/lib/libheimdal-asn1.dylib
0x000000000936d000 	/System/Library/Frameworks/OpenDirectory.framework/Versions/A/OpenDirectory
0x000000000936d000 	/System/Library/PrivateFrameworks/CommonAuth.framework/Versions/A/CommonAuth
0x000000000936d000 	/System/Library/Frameworks/OpenDirectory.framework/Versions/A/Frameworks/CFOpenDirectory.framework/Versions/A/CFOpenDirectory
0x000000000936d000 	/System/Library/Frameworks/SecurityFoundation.framework/Versions/A/SecurityFoundation
0x000000000936d000 	/System/Library/PrivateFrameworks/LanguageModeling.framework/Versions/A/LanguageModeling
0x000000000936d000 	/usr/lib/libmarisa.dylib
0x000000000936d000 	/usr/lib/libChineseTokenizer.dylib
0x000000000936d000 	/usr/lib/libcmph.dylib
0x000000000936d000 	/System/Library/Frameworks/ServiceManagement.framework/Versions/A/ServiceManagement
0x000000000936d000 	/usr/lib/libxslt.1.dylib
0x000000000936d000 	/System/Library/Frameworks/Carbon.framework/Versions/A/Frameworks/Ink.framework/Versions/A/Ink
0x000000000936d000 	/usr/lib/libFosl_dynamic.dylib
0x000000000936d000 	/System/Library/PrivateFrameworks/FaceCore.framework/Versions/A/FaceCore
0x000000000936d000 	/System/Library/Frameworks/OpenCL.framework/Versions/A/OpenCL
0x000000000936d000 	/System/Library/PrivateFrameworks/CrashReporterSupport.framework/Versions/A/CrashReporterSupport
0x000000000936d000 	/System/Library/PrivateFrameworks/IconServices.framework/Versions/A/IconServices
0x000000000936d000 	/System/Library/PrivateFrameworks/Apple80211.framework/Versions/A/Apple80211
0x000000000936d000 	/System/Library/Frameworks/CoreWLAN.framework/Versions/A/CoreWLAN
0x000000000936d000 	/System/Library/Frameworks/IOBluetooth.framework/Versions/A/IOBluetooth
0x000000000936d000 	/System/Library/PrivateFrameworks/CoreWiFi.framework/Versions/A/CoreWiFi
0x000000000936d000 	/System/Library/Frameworks/CoreBluetooth.framework/Versions/A/CoreBluetooth
0x000000000936d000 	/System/Library/PrivateFrameworks/ChunkingLibrary.framework/Versions/A/ChunkingLibrary
0x000000000936d000 	/System/Library/PrivateFrameworks/DebugSymbols.framework/Versions/A/DebugSymbols
0x000000000936d000 	/System/Library/PrivateFrameworks/CoreSymbolication.framework/Versions/A/CoreSymbolication
0x000000000936d000 	/System/Library/PrivateFrameworks/Symbolication.framework/Versions/A/Symbolication
0x000000000936d000 	/System/Library/PrivateFrameworks/SpeechRecognitionCore.framework/Versions/A/SpeechRecognitionCore
0x0000000108c00000 	/nfs/2016/d/dprovorn/jmonkeyplatform.app/Contents/Resources/jmonkeyplatform/jdk/jre/lib/server/libjvm.dylib
0x000000000936d000 	/usr/lib/libstdc++.6.dylib
0x00000001083dc000 	/nfs/2016/d/dprovorn/jmonkeyplatform.app/Contents/Resources/jmonkeyplatform/jdk/jre/lib/libverify.dylib
0x0000000109b8f000 	/nfs/2016/d/dprovorn/jmonkeyplatform.app/Contents/Resources/jmonkeyplatform/jdk/jre/lib/libjava.dylib
0x00000001083f4000 	/nfs/2016/d/dprovorn/jmonkeyplatform.app/Contents/Resources/jmonkeyplatform/jdk/jre/lib/libzip.dylib
0x000000011f526000 	/System/Library/Frameworks/JavaVM.framework/Frameworks/JavaRuntimeSupport.framework/JavaRuntimeSupport
0x000000011f541000 	/System/Library/Frameworks/JavaVM.framework/Versions/A/Frameworks/JavaNativeFoundation.framework/Versions/A/JavaNativeFoundation
0x000000011f556000 	/System/Library/Frameworks/JavaVM.framework/Versions/A/JavaVM
0x000000000936d000 	/System/Library/Frameworks/Carbon.framework/Versions/A/Carbon
0x000000011f563000 	/System/Library/PrivateFrameworks/JavaLaunching.framework/Versions/A/JavaLaunching
0x000000000936d000 	/System/Library/Frameworks/Carbon.framework/Versions/A/Frameworks/CommonPanels.framework/Versions/A/CommonPanels
0x000000000936d000 	/System/Library/Frameworks/Carbon.framework/Versions/A/Frameworks/Help.framework/Versions/A/Help
0x000000000936d000 	/System/Library/Frameworks/Carbon.framework/Versions/A/Frameworks/ImageCapture.framework/Versions/A/ImageCapture
0x000000000936d000 	/System/Library/Frameworks/Carbon.framework/Versions/A/Frameworks/OpenScripting.framework/Versions/A/OpenScripting
0x000000000936d000 	/System/Library/Frameworks/Carbon.framework/Versions/A/Frameworks/Print.framework/Versions/A/Print
0x000000000936d000 	/System/Library/Frameworks/Carbon.framework/Versions/A/Frameworks/SecurityHI.framework/Versions/A/SecurityHI
0x0000000120ed0000 	/nfs/2016/d/dprovorn/jmonkeyplatform.app/Contents/Resources/jmonkeyplatform/jdk/jre/lib/libawt.dylib
0x0000000120f78000 	/nfs/2016/d/dprovorn/jmonkeyplatform.app/Contents/Resources/jmonkeyplatform/jdk/jre/lib/./libmlib_image.dylib
0x0000000121044000 	/nfs/2016/d/dprovorn/jmonkeyplatform.app/Contents/Resources/jmonkeyplatform/jdk/jre/lib/libawt_lwawt.dylib
0x00000001210f9000 	/nfs/2016/d/dprovorn/jmonkeyplatform.app/Contents/Resources/jmonkeyplatform/jdk/jre/lib/./libosxapp.dylib
0x000000000936d000 	/System/Library/Frameworks/ExceptionHandling.framework/Versions/A/ExceptionHandling
0x000000000936d000 	/System/Library/PrivateFrameworks/CoreServicesInternal.framework/Versions/A/CoreServicesInternal
0x000000012311d000 	/System/Library/Frameworks/CoreGraphics.framework/Versions/A/Resources/libRIP.A.dylib
0x000000000936d000 	/System/Library/Frameworks/Accelerate.framework/Versions/A/Frameworks/vImage.framework/Versions/A/Libraries/libCGInterfaces.dylib
0x0000000123a3d000 	/System/Library/Frameworks/CoreGraphics.framework/Versions/A/Resources/libCGXType.A.dylib
0x000000000936d000 	/System/Library/Frameworks/OpenCL.framework/Versions/A/Libraries/libcldcpuengine.dylib
0x000000000936d000 	/System/Library/PrivateFrameworks/DiskImages.framework/Versions/A/DiskImages
0x000000000936d000 	/System/Library/Frameworks/DiscRecording.framework/Versions/A/DiscRecording
0x000000000936d000 	/usr/lib/libcsfde.dylib
0x000000000936d000 	/usr/lib/libcurl.4.dylib
0x000000000936d000 	/System/Library/PrivateFrameworks/MediaKit.framework/Versions/A/MediaKit
0x000000000936d000 	/System/Library/PrivateFrameworks/ProtectedCloudStorage.framework/Versions/A/ProtectedCloudStorage
0x000000000936d000 	/usr/lib/libCoreStorage.dylib
0x000000000936d000 	/System/Library/PrivateFrameworks/EFILogin.framework/Versions/A/EFILogin
0x000000000936d000 	/usr/lib/libutil.dylib
0x000000000936d000 	/System/Library/PrivateFrameworks/FindMyDevice.framework/Versions/A/FindMyDevice
0x000000000936d000 	/System/Library/Frameworks/LDAP.framework/Versions/A/LDAP
0x000000000936d000 	/usr/lib/libsasl2.2.dylib
0x000000000936d000 	/System/Library/PrivateFrameworks/CoreDaemon.framework/Versions/B/CoreDaemon
0x000000000936d000 	/usr/lib/libcrypto.0.9.8.dylib
0x000000000936d000 	/System/Library/PrivateFrameworks/AppleSRP.framework/Versions/A/AppleSRP
0x000000000936d000 	/System/Library/PrivateFrameworks/TrustEvaluationAgent.framework/Versions/A/TrustEvaluationAgent
0x0000000124507000 	cl_kernels
0x000000000936d000 	/System/Library/Frameworks/OpenCL.framework/Versions/A/Libraries/ImageFormats/unorm8_bgra.dylib
0x000000000936d000 	/System/Library/Frameworks/OpenCL.framework/Versions/A/Libraries/ImageFormats/unorm8_rgba.dylib
0x000000000936d000 	/System/Library/PrivateFrameworks/FamilyControls.framework/Versions/A/FamilyControls
0x000000000936d000 	/System/Library/PrivateFrameworks/CommerceKit.framework/Versions/A/Frameworks/CommerceCore.framework/Versions/A/CommerceCore
0x000000000936d000 	/System/Library/PrivateFrameworks/SystemAdministration.framework/Versions/A/SystemAdministration
0x000000000936d000 	/System/Library/PrivateFrameworks/AppContainer.framework/Versions/A/AppContainer
0x000000000936d000 	/System/Library/PrivateFrameworks/SecCodeWrapper.framework/Versions/A/SecCodeWrapper
0x000000000936d000 	/System/Library/Frameworks/DirectoryService.framework/Versions/A/DirectoryService
0x000000000936d000 	/System/Library/PrivateFrameworks/LoginUIKit.framework/Versions/A/Frameworks/LoginUICore.framework/Versions/A/LoginUICore
0x000000000936d000 	/usr/lib/libodfde.dylib
0x0000000125666000 	/nfs/2016/d/dprovorn/jmonkeyplatform.app/Contents/Resources/jmonkeyplatform/jdk/jre/lib/libfontmanager.dylib
0x000000000936d000 	/System/Library/Frameworks/OpenGL.framework/Versions/A/Resources/GLEngine.bundle/GLEngine
0x000000000936d000 	/System/Library/Frameworks/OpenGL.framework/Versions/A/Libraries/libGLProgrammability.dylib
0x00000001256e8000 	/System/Library/Extensions/AppleIntelBDWGraphicsGLDriver.bundle/Contents/MacOS/AppleIntelBDWGraphicsGLDriver
0x000000000936d000 	/System/Library/PrivateFrameworks/GPUSupport.framework/Versions/A/Libraries/libGPUSupportMercury.dylib
0x000000000936d000 	/System/Library/Frameworks/OpenGL.framework/Versions/A/Resources/GLRendererFloat.bundle/GLRendererFloat
0x0000000126659000 	/nfs/2016/d/dprovorn/jmonkeyplatform.app/Contents/Resources/jmonkeyplatform/jdk/jre/lib/libosxui.dylib
0x00000001270a4000 	/nfs/2016/d/dprovorn/jmonkeyplatform.app/Contents/Resources/jmonkeyplatform/jdk/jre/lib/libosx.dylib
0x00000001288ac000 	/nfs/2016/d/dprovorn/jmonkeyplatform.app/Contents/Resources/jmonkeyplatform/jdk/jre/lib/libnet.dylib
0x0000000128ca9000 	/nfs/2016/d/dprovorn/jmonkeyplatform.app/Contents/Resources/jmonkeyplatform/jdk/jre/lib/libnio.dylib
0x000000000936d000 	/System/Library/Frameworks/ApplicationServices.framework/Versions/A/Frameworks/ATS.framework/Versions/A/Resources/libTrueTypeScaler.dylib
0x000000017b2a0000 	/System/Library/Extensions/AppleIntelBDWGraphicsMTLDriver.bundle/Contents/MacOS/AppleIntelBDWGraphicsMTLDriver
0x000000017cfd1000 	/nfs/2016/d/dprovorn/my_proj/libbulletjme.dylib
0x0000000124509000 	/nfs/2016/d/dprovorn/my_proj/libopenal.dylib
0x0000000127744000 	/nfs/2016/d/dprovorn/my_proj/liblwjgl.dylib
0x000000012322d000 	/nfs/2016/d/dprovorn/jmonkeyplatform.app/Contents/Resources/jmonkeyplatform/jdk/jre/lib/libjawt.dylib
0x00000001284a6000 	/System/Library/Frameworks/OpenAL.framework/OpenAL
0x000000017af72000 	/System/Library/Components/CoreAudio.component/Contents/MacOS/CoreAudio
0x00000001244d4000 	/System/Library/Extensions/AppleHDA.kext/Contents/PlugIns/AppleHDAHALPlugIn.bundle/Contents/MacOS/AppleHDAHALPlugIn
0x00000001284df000 	/nfs/2016/d/dprovorn/jmonkeyplatform.app/Contents/Resources/jmonkeyplatform/jdk/jre/lib/libjpeg.dylib
0x000000017b24a000 	/nfs/2016/d/dprovorn/jmonkeyplatform.app/Contents/Resources/jmonkeyplatform/jdk/jre/lib/liblcms.dylib

VM Arguments:
jvm_args: -Dfile.encoding=UTF-8 
java_command: mygame.Main
java_class_path (initial): /nfs/2016/d/dprovorn/jmonkeyplatform.app/Contents/Resources/jmonkeyplatform/jmonkeyplatform/libs/jme3-jogg-3.1.0-3.1-beta2-b001-SNAPSHOT-SNAPSHOT.jar:/nfs/2016/d/dprovorn/jmonkeyplatform.app/Contents/Resources/jmonkeyplatform/jmonkeyplatform/libs/j-ogg-all-1.0.0.jar:/nfs/2016/d/dprovorn/jmonkeyplatform.app/Contents/Resources/jmonkeyplatform/jmonkeyplatform/libs/jme3-networking-3.1.0-3.1-beta2-b001-SNAPSHOT-SNAPSHOT.jar:/nfs/2016/d/dprovorn/jmonkeyplatform.app/Contents/Resources/jmonkeyplatform/jmonkeyplatform/libs/jme3-plugins-3.1.0-beta1.jar:/nfs/2016/d/dprovorn/jmonkeyplatform.app/Contents/Resources/jmonkeyplatform/jmonkeyplatform/libs/jme3-core-3.1.0-beta1.jar:/nfs/2016/d/dprovorn/jmonkeyplatform.app/Contents/Resources/jmonkeyplatform/jmonkeyplatform/libs/jme3-desktop-3.1.0-beta1.jar:/nfs/2016/d/dprovorn/jmonkeyplatform.app/Contents/Resources/jmonkeyplatform/jmonkeyplatform/libs/jme3-lwjgl-3.1.0-beta1.jar:/nfs/2016/d/dprovorn/jmonkeyplatform.app/Contents/Resources/jmonkeyplatform/jmonkeyplatform/libs/lwjgl-platform-2.9.3-natives-linux.jar:/nfs/2016/d/dprovorn/jmonkeyplatform.app/Contents/Resources/jmonkeyplatform/jmonkeyplatform/libs/lwjgl-platform-2.9.3-natives-osx.jar:/nfs/2016/d/dprovorn/jmonkeyplatform.app/Contents/Resources/jmonkeyplatform/jmonkeyplatform/libs/lwjgl-platform-2.9.3-natives-windows.jar:/nfs/2016/d/dprovorn/jmonkeyplatform.app/Contents/Resources/jmonkeyplatform/jmonkeyplatform/libs/jutils-1.0.0.jar:/nfs/2016/d/dprovorn/jmonkeyplatform.app/Contents/Resources/jmonkeyplatform/jmonkeyplatform/libs/jinput-2.0.5.jar:/nfs/2016/d/dprovorn/jmonkeyplatform.app/Contents/Resources/jmonkeyplatform/jmonkeyplatform/libs/lwjgl-2.9.3.jar:/nfs/2016/d/dprovorn/jmonkeyplatform.app/Contents/Resources/jmonkeyplatform/jmonkeyplatform/libs/jinput-platform-2.0.5-natives-linux.jar:/nfs/2016/d/dprovorn/jmonkeyplatform.app/Contents/Resources/jmonkeyplatform/jmonkeyplatform/libs/jinput-platform-2.0.5-natives-osx.jar:/nfs/2016/d/dprovorn/jmonkey
Launcher Type: SUN_STANDARD

Environment Variables:
PATH=/usr/bin:/bin:/usr/sbin:/sbin
LD_LIBRARY_PATH=/nfs/2016/d/dprovorn/jmonkeyplatform.app/Contents/MacOS/../Resources/jmonkeyplatform/bin/../jdk/jre/lib/amd64:/nfs/2016/d/dprovorn/jmonkeyplatform.app/Contents/MacOS/../Resources/jmonkeyplatform/bin/../jdk/jre/lib/i386:
SHELL=/bin/zsh

Signal Handlers:
SIGSEGV: [libjvm.dylib+0x5a6855], sa_mask[0]=11111111011111110111111111111111, sa_flags=SA_ONSTACK|SA_RESTART|SA_SIGINFO
SIGBUS: [libjvm.dylib+0x5a6855], sa_mask[0]=11111111011111110111111111111111, sa_flags=SA_RESTART|SA_SIGINFO
SIGFPE: [libjvm.dylib+0x4804ec], sa_mask[0]=11111111011111110111111111111111, sa_flags=SA_RESTART|SA_SIGINFO
SIGPIPE: [libjvm.dylib+0x4804ec], sa_mask[0]=11111111011111110111111111111111, sa_flags=SA_RESTART|SA_SIGINFO
SIGXFSZ: [libjvm.dylib+0x4804ec], sa_mask[0]=11111111011111110111111111111111, sa_flags=SA_RESTART|SA_SIGINFO
SIGILL: [libjvm.dylib+0x4804ec], sa_mask[0]=11111111011111110111111111111111, sa_flags=SA_RESTART|SA_SIGINFO
SIGUSR1: SIG_DFL, sa_mask[0]=00000000000000000000000000000000, sa_flags=none
SIGUSR2: [libjvm.dylib+0x48000a], sa_mask[0]=00100000000000000000000000000000, sa_flags=SA_RESTART|SA_SIGINFO
SIGHUP: [libjvm.dylib+0x47e5e1], sa_mask[0]=11111111011111110111111111111111, sa_flags=SA_RESTART|SA_SIGINFO
SIGINT: SIG_IGN, sa_mask[0]=00000000000000000000000000000000, sa_flags=none
SIGTERM: [libjvm.dylib+0x47e5e1], sa_mask[0]=11111111011111110111111111111111, sa_flags=SA_RESTART|SA_SIGINFO
SIGQUIT: [libjvm.dylib+0x47e5e1], sa_mask[0]=11111111011111110111111111111111, sa_flags=SA_RESTART|SA_SIGINFO


---------------  S Y S T E M  ---------------

OS:Bsduname:Darwin 15.6.0 Darwin Kernel Version 15.6.0: Mon Aug 29 20:21:34 PDT 2016; root:xnu-3248.60.11~1/RELEASE_X86_64 x86_64
rlimit: STACK 8192k, CORE 0k, NPROC 709, NOFILE 10240, AS infinity
load average:1.75 1.59 1.55

CPU:total 4 (4 cores per cpu, 1 threads per core) family 6 model 71 stepping 1, cmov, cx8, fxsr, mmx, sse, sse2, sse3, ssse3, sse4.1, sse4.2, popcnt, avx, avx2, aes, clmul, erms, rtm, 3dnowpref, lzcnt, tsc, tscinvbit, bmi1, bmi2, adx

Memory: 4k page, physical 8388608k(249952k free)

/proc/meminfo:


vm_info: Java HotSpot(TM) 64-Bit Server VM (25.77-b03) for bsd-amd64 JRE (1.8.0_77-b03), built on Mar 20 2016 22:14:03 by "java_re" with gcc 4.2.1 (Based on Apple Inc. build 5658) (LLVM build 2336.11.00)

time: Fri Feb  3 20:07:55 2017
elapsed time: 17 seconds (0d 0h 0m 17s)

